
SQL*Loader: Release 11.2.0.2.0 - Production on Œr Cze 5 16:06:48 2019

Copyright (c) 1982, 2009, Oracle and/or its affiliates.  All rights reserved.

Control File:   kierowcy.txt
Data File:      kierowcy.csv
  Bad File:     kierowcy.bad
  Discard File:  none specified
 
 (Allow all discards)

Number to load: ALL
Number to skip: 0
Errors allowed: 50
Bind array:     64 rows, maximum of 256000 bytes
Continuation:    none specified
Path used:      Conventional

Table KIEROWCA, loaded from every logical record.
Insert option in effect for this table: REPLACE

   Column Name                  Position   Len  Term Encl Datatype
------------------------------ ---------- ----- ---- ---- ---------------------
ID_KIEROWCY                         FIRST     *   ,       CHARACTER            
NAZWISKO                             NEXT     *   ,       CHARACTER            
IMIE                                 NEXT     *   ,       CHARACTER            
PESEL                                NEXT     *   ,       CHARACTER            
PRAWO_JAZDY                          NEXT     *   ,       CHARACTER            
PENSJA_BRUTTO                        NEXT     *   ,       CHARACTER            


Table KIEROWCA:
  1000 Rows successfully loaded.
  0 Rows not loaded due to data errors.
  0 Rows not loaded because all WHEN clauses were failed.
  0 Rows not loaded because all fields were null.


Space allocated for bind array:                  99072 bytes(64 rows)
Read   buffer bytes: 1048576

Total logical records skipped:          0
Total logical records read:          1000
Total logical records rejected:         0
Total logical records discarded:        0

Run began on Œr Cze 05 16:06:48 2019
Run ended on Œr Cze 05 16:06:48 2019

Elapsed time was:     00:00:00.31
CPU time was:         00:00:00.05
