
SQL*Loader: Release 11.2.0.2.0 - Production on Œr Cze 5 16:06:49 2019

Copyright (c) 1982, 2009, Oracle and/or its affiliates.  All rights reserved.

Control File:   trasy.txt
Data File:      trasy.csv
  Bad File:     trasy.bad
  Discard File:  none specified
 
 (Allow all discards)

Number to load: ALL
Number to skip: 0
Errors allowed: 50
Bind array:     64 rows, maximum of 256000 bytes
Continuation:    none specified
Path used:      Conventional

Table TRASA, loaded from every logical record.
Insert option in effect for this table: REPLACE

   Column Name                  Position   Len  Term Encl Datatype
------------------------------ ---------- ----- ---- ---- ---------------------
ID_TRASY                            FIRST     *   ,       CHARACTER            
MIASTO_ODJAZDU                       NEXT     *   ,       CHARACTER            
MIASTO_PRZYJAZDU                     NEXT     *   ,       CHARACTER            
CENA_BILETU_NOR                      NEXT     *   ,       CHARACTER            
    SQL string for column : "TO_NUMBER(:CENA_BILETU_NOR,'999.99')"
CENA_BILETU_ULG                      NEXT     *   ,       CHARACTER            
    SQL string for column : "TO_NUMBER(:CENA_BILETU_ULG,'999.99')"


Table TRASA:
  42 Rows successfully loaded.
  0 Rows not loaded due to data errors.
  0 Rows not loaded because all WHEN clauses were failed.
  0 Rows not loaded because all fields were null.


Space allocated for bind array:                  82560 bytes(64 rows)
Read   buffer bytes: 1048576

Total logical records skipped:          0
Total logical records read:            42
Total logical records rejected:         0
Total logical records discarded:        0

Run began on Œr Cze 05 16:06:49 2019
Run ended on Œr Cze 05 16:06:49 2019

Elapsed time was:     00:00:00.12
CPU time was:         00:00:00.01
